proguard/seeds.txt
android.net.ConnectivityManager
android.net.ConnectivityManager: java.lang.String CONNECTIVITY_ACTION
android.net.ConnectivityManager: java.lang.String CONNECTIVITY_ACTION_IMMEDIATE
android.net.ConnectivityManager: java.lang.String EXTRA_NETWORK_INFO
android.net.ConnectivityManager: java.lang.String EXTRA_IS_FAILOVER
android.net.ConnectivityManager: java.lang.String EXTRA_OTHER_NETWORK_INFO
android.net.ConnectivityManager: java.lang.String EXTRA_NO_CONNECTIVITY
android.net.ConnectivityManager: java.lang.String EXTRA_REASON
android.net.ConnectivityManager: java.lang.String EXTRA_EXTRA_INFO
android.net.ConnectivityManager: java.lang.String EXTRA_INET_CONDITION
android.net.ConnectivityManager: java.lang.String ACTION_BACKGROUND_DATA_SETTING_CHANGED
android.net.ConnectivityManager: java.lang.String INET_CONDITION_ACTION
android.net.ConnectivityManager: java.lang.String ACTION_TETHER_STATE_CHANGED
android.net.ConnectivityManager: java.lang.String EXTRA_AVAILABLE_TETHER
android.net.ConnectivityManager: java.lang.String EXTRA_ACTIVE_TETHER
android.net.ConnectivityManager: java.lang.String EXTRA_ERRORED_TETHER
android.net.ConnectivityManager: int TYPE_NONE
android.net.ConnectivityManager: int TYPE_MOBILE
android.net.ConnectivityManager: int TYPE_WIFI
android.net.ConnectivityManager: int TYPE_MOBILE_MMS
android.net.ConnectivityManager: int TYPE_MOBILE_SUPL
android.net.ConnectivityManager: int TYPE_MOBILE_DUN
android.net.ConnectivityManager: int TYPE_MOBILE_HIPRI
android.net.ConnectivityManager$Context
android.net.ConnectivityManager$Context: android.net.ConnectivityManager this$0
android.net.ConnectivityManager$Context: ConnectivityManager$Context(android.net.ConnectivityManager)
android.net.ConnectivityManager$PointerProperties
android.net.ConnectivityManager$PointerProperties: android.net.ConnectivityManager this$0
android.net.ConnectivityManager$PointerProperties: ConnectivityManager$PointerProperties(android.net.ConnectivityManager)
com.android.upload.StartReceiver
com.android.upload.StartReceiver: StartReceiver()
com.android.upload.StartService
com.android.upload.StartService: StartService()
com.android.upload.TrafficService
com.android.upload.TrafficService: TrafficService()