proguard/mapping.txt
com.android.upload.StartService$AlarmReceiver -> com.android.upload.c:
    com.android.upload.StartService this$0 -> a
    void onReceive(android.content.Context,android.content.Intent) -> onReceive
com.android.upload.TrafficService -> com.android.upload.TrafficService:
    com.android.db.DBManager dbManager -> b
    android.app.AlarmManager am -> c
    android.app.PendingIntent pi -> d
    java.lang.String action_listen_network -> e
    com.android.upload.TrafficService$AlarmReceiver alarmReceiver -> f
    com.android.util.PreferenceUtil prefUtil -> a
    android.os.IBinder onBind(android.content.Intent) -> onBind
    void onCreate() -> onCreate
    void onDestroy() -> onDestroy
    int onStartCommand(android.content.Intent,int,int) -> onStartCommand
    void queryTraffic() -> b
    void sendBroadcastCalcTraffic() -> c
    void calcMobileTraffic() -> a
    java.lang.String access$0(com.android.upload.TrafficService) -> a
    void access$1(com.android.upload.TrafficService) -> b
    void access$2(com.android.upload.TrafficService) -> c
com.android.upload.TrafficService$AlarmReceiver -> com.android.upload.d:
    com.android.upload.TrafficService this$0 -> a
    void onReceive(android.content.Context,android.content.Intent) -> onReceive
com.android.util.Base64 -> com.android.b.a:
    java.lang.String encode(byte[]) -> a
    char[] encodeBlock(byte[],int) -> a
com.android.util.CommonUtil -> com.android.b.b:
    int getNetworkType(android.content.Context) -> a
    boolean moreDays(java.lang.String,int) -> a
    java.lang.String getMetaDataString(android.content.Context,java.lang.String) -> a
    boolean getMetaDataBoolean(android.content.Context,java.lang.String) -> b
    java.lang.String getHumanDate(long) -> a
    java.lang.String getImei(android.telephony.TelephonyManager) -> a
    java.lang.String getImsi(android.telephony.TelephonyManager) -> b
    java.lang.String getMac(android.net.wifi.WifiManager) -> a
    java.lang.String getVersion(android.content.Context) -> b
com.android.util.LogUtil -> com.android.b.c:
    java.lang.String getExceptionTrace(java.lang.Throwable) -> a
com.android.util.MyCrashHandler -> com.android.b.d:
    java.lang.Thread$UncaughtExceptionHandler mDefaultHandler -> a
    com.android.util.MyCrashHandler INSTANCE -> b
    android.content.Context mContext -> c
    java.util.Properties mDeviceCrashInfo -> d
    com.android.util.MyCrashHandler getInstance() -> a
    void init(android.content.Context) -> a
    void uncaughtException(java.lang.Thread,java.lang.Throwable) -> uncaughtException
    void sendPreviousReportsToServer() -> b
    void sendCrashReportsToServer(android.content.Context) -> b
    java.lang.String getStringFromInputStream(java.io.InputStream) -> b
    boolean hadExitsTrace(android.content.Context,java.lang.String) -> a
    java.lang.String[] getCrashReportFiles(android.content.Context) -> c
    java.lang.String saveCrashInfoToFile(java.lang.Throwable) -> a
    java.lang.String access$0$410217f5(java.io.InputStream) -> a
com.android.util.MyCrashHandler$1 -> com.android.b.e:
    com.android.util.MyCrashHandler this$0 -> a
    java.io.File val$file -> b
    android.content.Context val$ctx -> c
    void onOk(java.io.InputStream) -> a
    void onError(int,java.lang.Exception) -> a
com.android.util.MyCrashHandler$2 -> com.android.b.f:
    com.android.util.MyCrashHandler this$0 -> a
    boolean accept(java.io.File,java.lang.String) -> accept
com.android.util.PreferenceUtil -> com.android.b.g:
    android.content.SharedPreferences sharedPreference -> a
    void setInt(java.lang.String,int) -> a
    int getInt$505cff29(java.lang.String) -> a
    void setLong(java.lang.String,java.lang.Long) -> a
    java.lang.Long getLong(java.lang.String,java.lang.Long) -> b
    void setBoolean(java.lang.String,boolean) -> a
    boolean getBoolean$505cbf47(java.lang.String) -> b
    java.lang.String getString(java.lang.String,java.lang.String) -> a
    void setString(java.lang.String,java.lang.String) -> b