proguard/usage.txt
com.android.apk.version.BuildConfig
com.android.apk.version.R
com.android.apk.version.R$attr
com.android.apk.version.R$drawable
com.android.apk.version.R$string
com.android.apk.version.R$style
...
android.annotation.SuppressLint
android.annotation.TargetApi
com.android.db.APKInfo:
    public static final int yes
    public static final int no
    70:80:public APKInfo(java.lang.String,java.lang.String,boolean,boolean,java.lang.String,java.lang.String,long,int,int)
com.android.db.DBHelper:
    private static final java.lang.String DATABASE_NAME
    private static final int DATABASE_VERSION
    private static final java.lang.String sql
com.android.db.DBManager:
    public static final java.lang.String tag
    91:101:public synchronized int update(com.android.db.APKInfo,boolean)
    111:113:public synchronized int update(java.lang.String,boolean)
    135:148:public com.android.db.APKInfo queryFirstActivateAPK(android.content.Context)
    160:167:private boolean unInstallApp(android.content.Context,java.lang.String,java.lang.String)
    172:186:private com.android.db.APKInfo cursor2APKInfo(android.database.Cursor)
    194:200:public java.util.List queryAll()
    209:218:public long queryNextReqTime()
    226:234:public java.util.List queryNotUpload()
    243:253:public void insertTraffic(com.android.db.TrafficModel)
    257:269:public void insertTraffics(java.util.List)
    391:392:public void closeDB()
com.android.upload.StartReceiver:
    private static final java.lang.String tag
com.android.upload.StartService:
    private static final java.lang.String tag
    private static final java.lang.String PARAM_KEY_INSTALL_TIME
    private static final java.lang.String PARAM_KEY_INSTALLED_APK
    public static final java.lang.String PARAM_KEY_UNINSTALLED_APK
    public static final java.lang.String meta_key_cid
    public static final java.lang.String meta_key_upload_traffic
    public static final java.lang.String meta_need_open_network
    private static final java.lang.String key_upload_app_success
    private static final java.lang.String key_upload_app_failed_count
    private static final java.lang.String key_upload_app_last_time
    private static final java.lang.String key_upload_traffic_success
    private static final java.lang.String key_upload_traffic_failed_count
    private static final java.lang.String key_upload_traffic_last_time
    private static final java.lang.String action_netwokr_timer
    private static final java.lang.String action_netwokr_open
    private static final java.lang.String action_netwokr_close
    private static final long time_looper_interval
    private static final long time_open_network
    private static final java.lang.String key_open_network_time
    private static final java.lang.String key_open_network_count
com.android.upload.TrafficService:
    static final java.lang.String tag
    public static final java.lang.String key_last_traffic
    public static final java.lang.String key_traffic
    java.lang.String listenNetwork
com.android.util.Base64:
    3:3:public Base64()
    48:63:public static byte[] decode(java.lang.String)
    67:79:protected static int getValue(char)
com.android.util.CommonUtil:
    private static final java.lang.String tag
    17:17:public CommonUtil()
com.android.util.LogUtil:
    private static final boolean DEBUG
    public static final java.lang.String LOG_FILE
    15:15:public LogUtil()
    35:69:private static void writeLog(java.lang.String,java.lang.String,boolean)
com.android.util.MyCrashHandler:
    public static final java.lang.String TAG
    public static final boolean DEBUG
    private static final java.lang.String VERSION_NAME
    private static final java.lang.String VERSION_CODE
    private static final java.lang.String STACK_TRACE
    private static final java.lang.String CRASH_REPORTER_EXTENSION
com.android.util.PreferenceUtil:
    private static final java.lang.String NAME